Groupic/proguard_logs/seeds.txt
com.timitoc.groupic.R$anim: int abc_fade_in
com.timitoc.groupic.R$anim: int abc_fade_out
com.timitoc.groupic.R$anim: int abc_grow_fade_in_from_bottom
com.timitoc.groupic.R$anim: int abc_popup_enter
com.timitoc.groupic.R$anim: int abc_popup_exit
com.timitoc.groupic.R$anim: int abc_shrink_fade_out_from_bottom
com.timitoc.groupic.R$anim: int abc_slide_in_bottom
com.timitoc.groupic.R$anim: int abc_slide_in_top
com.timitoc.groupic.R$anim: int abc_slide_out_bottom
com.timitoc.groupic.R$anim: int abc_slide_out_top
com.timitoc.groupic.R$anim: int slide_down
com.timitoc.groupic.R$anim: int slide_in_left
com.timitoc.groupic.R$anim: int slide_in_right
com.timitoc.groupic.R$anim: int slide_out_left
com.timitoc.groupic.R$anim: int slide_out_right
com.timitoc.groupic.R$array: int add_new_items
com.timitoc.groupic.R$array: int androidcolors
com.timitoc.groupic.R$array: int nav_drawer_icons
com.timitoc.groupic.R$array: int nav_drawer_items
com.timitoc.groupic.R$array: int nav_items
com.timitoc.groupic.R$attr: int actionBarDivider
com.timitoc.groupic.R$attr: int actionBarItemBackground
com.timitoc.groupic.R$attr: int actionBarPopupTheme
com.timitoc.groupic.R$attr: int actionBarSize
com.timitoc.groupic.R$attr: int actionBarSplitStyle
com.timitoc.groupic.R$attr: int actionBarStyle
com.timitoc.groupic.R$attr: int actionBarTabBarStyle
com.timitoc.groupic.R$attr: int actionBarTabStyle
com.timitoc.groupic.R$attr: int actionBarTabTextStyle
com.timitoc.groupic.R$attr: int actionBarTheme
com.timitoc.groupic.R$attr: int actionBarWidgetTheme
com.timitoc.groupic.R$attr: int actionButtonStyle
com.timitoc.groupic.R$attr: int actionDropDownStyle
com.timitoc.groupic.R$attr: int actionLayout
com.timitoc.groupic.R$attr: int actionMenuTextAppearance
com.timitoc.groupic.R$attr: int actionMenuTextColor
com.timitoc.groupic.R$attr: int actionModeBackground
com.timitoc.groupic.R$attr: int actionModeCloseButtonStyle
com.timitoc.groupic.R$attr: int actionModeCloseDrawable
com.timitoc.groupic.R$attr: int actionModeCopyDrawable
com.timitoc.groupic.R$attr: int actionModeCutDrawable
com.timitoc.groupic.R$attr: int actionModeFindDrawable
com.timitoc.groupic.R$attr: int actionModePasteDrawable
com.timitoc.groupic.R$attr: int actionModePopupWindowStyle
com.timitoc.groupic.R$attr: int actionModeSelectAllDrawable
com.timitoc.groupic.R$attr: int actionModeShareDrawable
com.timitoc.groupic.R$attr: int actionModeSplitBackground
com.timitoc.groupic.R$attr: int actionModeStyle
com.timitoc.groupic.R$bool: int abc_action_bar_embed_tabs
com.timitoc.groupic.R$bool: int abc_action_bar_embed_tabs_pre_jb
com.timitoc.groupic.R$bool: int abc_action_bar_expanded_action_views_exclusive
com.timitoc.groupic.R$bool: int abc_allow_stacked_button_bar
com.timitoc.groupic.R$bool: int abc_config_actionMenuItemAllCaps
com.timitoc.groupic.R$bool: int abc_config_allowActionMenuItemTextWithIcon
com.timitoc.groupic.R$bool: int abc_config_closeDialogWhenTouchOutside
com.timitoc.groupic.R$bool: int abc_config_showMenuShortcutsWhenKeyboardPresent
...
org.apache.http.client.protocol.ClientContext
org.apache.http.client.protocol.ClientContext: java.lang.String AUTHSCHEME_REGISTRY
org.apache.http.client.protocol.ClientContext: java.lang.String AUTH_SCHEME_PREF
org.apache.http.client.protocol.ClientContext: java.lang.String COOKIESPEC_REGISTRY
org.apache.http.client.protocol.ClientContext: java.lang.String COOKIE_ORIGIN
org.apache.http.client.protocol.ClientContext: java.lang.String COOKIE_SPEC
org.apache.http.client.protocol.ClientContext: java.lang.String COOKIE_STORE
org.apache.http.client.protocol.ClientContext: java.lang.String CREDS_PROVIDER
org.apache.http.client.protocol.ClientContext: java.lang.String PROXY_AUTH_STATE
org.apache.http.client.protocol.ClientContext: java.lang.String TARGET_AUTH_STATE
org.apache.http.client.protocol.ClientContext: java.lang.String USER_TOKEN
org.apache.http.client.protocol.ClientContextConfigurer
org.apache.http.client.protocol.ClientContextConfigurer: ClientContextConfigurer(org.apache.http.protocol.HttpContext)
org.apache.http.client.protocol.ClientContextConfigurer: void setCookieSpecRegistry(org.apache.http.cookie.CookieSpecRegistry)
org.apache.http.client.protocol.ClientContextConfigurer: void setAuthSchemeRegistry(org.apache.http.auth.AuthSchemeRegistry)
org.apache.http.client.protocol.ClientContextConfigurer: void setCookieStore(org.apache.http.client.CookieStore)
org.apache.http.client.protocol.ClientContextConfigurer: void setCredentialsProvider(org.apache.http.client.CredentialsProvider)
org.apache.http.client.protocol.ClientContextConfigurer: void setAuthSchemePref(java.util.List)
org.apache.http.client.protocol.RequestAddCookies
org.apache.http.client.protocol.RequestAddCookies: RequestAddCookies()
org.apache.http.client.protocol.RequestAddCookies: void process(org.apache.http.HttpRequest,org.apache.http.protocol.HttpContext)
org.apache.http.client.protocol.RequestDefaultHeaders
org.apache.http.client.protocol.RequestDefaultHeaders: RequestDefaultHeaders()
org.apache.http.client.protocol.RequestDefaultHeaders: void process(org.apache.http.HttpRequest,org.apache.http.protocol.HttpContext)
org.apache.http.client.protocol.RequestProxyAuthentication
org.apache.http.client.protocol.RequestProxyAuthentication: RequestProxyAuthentication()
org.apache.http.client.protocol.RequestProxyAuthentication: void process(org.apache.http.HttpRequest,org.apache.http.protocol.HttpContext)
org.apache.http.client.protocol.RequestTargetAuthentication
org.apache.http.client.protocol.RequestTargetAuthentication: RequestTargetAuthentication()
org.apache.http.client.protocol.RequestTargetAuthentication: void process(org.apache.http.HttpRequest,org.apache.http.protocol.HttpContext)
org.apache.http.client.protocol.ResponseProcessCookies
org.apache.http.client.protocol.ResponseProcessCookies: ResponseProcessCookies()
org.apache.http.client.protocol.ResponseProcessCookies: void process(org.apache.http.HttpResponse,org.apache.http.protocol.HttpContext)
org.apache.http.client.utils.CloneUtils
org.apache.http.client.utils.CloneUtils: CloneUtils()
org.apache.http.client.utils.CloneUtils: java.lang.Object clone(java.lang.Object)
org.apache.http.client.utils.URIUtils
org.apache.http.client.utils.URIUtils: URIUtils()
org.apache.http.client.utils.URIUtils: java.net.URI createURI(java.lang.String,java.lang.String,int,java.lang.String,java.lang.String,java.lang.String)
org.apache.http.client.utils.URIUtils: java.net.URI rewriteURI(java.net.URI,org.apache.http.HttpHost,boolean)
org.apache.http.client.utils.URIUtils: java.net.URI rewriteURI(java.net.URI,org.apache.http.HttpHost)
org.apache.http.client.utils.URIUtils: java.net.URI resolve(java.net.URI,java.lang.String)
org.apache.http.client.utils.URIUtils: java.net.URI resolve(java.net.URI,java.net.URI)