Groupic/proguard_logs/mapping.txt
com.timitoc.groupic.activities.BigImageViewActivity -> com.timitoc.groupic.activities.BigImageViewActivity:
    android.widget.ImageSwitcher imageSwitcher -> d
    int currentIndex -> e
    java.lang.String[] requestArray -> a
    com.android.volley.toolbox.ImageLoader loader -> b
    java.util.ArrayList imageItems -> c
    void onCreate(android.os.Bundle) -> onCreate
    void loadImage(int) -> a
    void loadImageFromLocal(com.timitoc.groupic.models.ImageItem) -> a
    void loadImageFromServer(java.lang.String) -> a
    void onSaveInstanceState(android.os.Bundle) -> onSaveInstanceState
    android.widget.ImageSwitcher access$000(com.timitoc.groupic.activities.BigImageViewActivity) -> a
    int access$102(com.timitoc.groupic.activities.BigImageViewActivity,int) -> a
    int access$100(com.timitoc.groupic.activities.BigImageViewActivity) -> b
    void access$200(com.timitoc.groupic.activities.BigImageViewActivity,int) -> b
com.timitoc.groupic.activities.BigImageViewActivity$1 -> com.timitoc.groupic.activities.a:
    com.timitoc.groupic.activities.BigImageViewActivity this$0 -> a
    android.view.View makeView() -> makeView
com.timitoc.groupic.activities.BigImageViewActivity$2 -> com.timitoc.groupic.activities.b:
    android.view.animation.Animation val$inRight -> a
    android.view.animation.Animation val$outRight -> b
    android.view.animation.Animation val$inLeft -> c
    android.view.animation.Animation val$outLeft -> d
    com.timitoc.groupic.activities.BigImageViewActivity this$0 -> e
    void onSwipeRight() -> a
    void onSwipeLeft() -> b
com.timitoc.groupic.activities.BigImageViewActivity$3 -> com.timitoc.groupic.activities.c:
    com.timitoc.groupic.activities.BigImageViewActivity this$0 -> a
    void onResponse(com.android.volley.toolbox.ImageLoader$ImageContainer,boolean) -> a
    void onErrorResponse(com.android.volley.VolleyError) -> a
com.timitoc.groupic.activities.LoginActivity -> com.timitoc.groupic.activities.LoginActivity:
    android.widget.Button chooseLog -> a
    android.widget.Button chooseRegister -> b
    com.timitoc.groupic.fragments.LoginFragment loginFragment -> c
    com.timitoc.groupic.fragments.RegisterFragment registerFragment -> d
    com.timitoc.groupic.models.LoginFragmentModel loginModel -> e
    com.timitoc.groupic.models.RegisterFragmentModel registerModel -> f
    void onCreate(android.os.Bundle) -> onCreate
    void disclaim() -> a
    void displayView(int) -> a
    void onSaveInstanceState(android.os.Bundle) -> onSaveInstanceState
com.timitoc.groupic.activities.LoginActivity$1 -> com.timitoc.groupic.activities.d:
    com.timitoc.groupic.activities.LoginActivity this$0 -> a
    void onClick(android.view.View) -> onClick
com.timitoc.groupic.activities.LoginActivity$2 -> com.timitoc.groupic.activities.e:
    com.timitoc.groupic.activities.LoginActivity this$0 -> a
    void onClick(android.view.View) -> onClick
com.timitoc.groupic.activities.LoginActivity$3 -> com.timitoc.groupic.activities.f:
    com.timitoc.groupic.activities.LoginActivity this$0 -> a
    void onClick(android.content.DialogInterface,int) -> onClick
com.timitoc.groupic.activities.LoginActivity$4 -> com.timitoc.groupic.activities.g:
    android.content.SharedPreferences val$pref -> a
    com.timitoc.groupic.activities.LoginActivity this$0 -> b
    void onClick(android.content.DialogInterface,int) -> onClick
...
android.support.v4.graphics.drawable.DrawableCompat$MDrawableImpl -> android.support.v4.c.a.i:
    void setLayoutDirection(android.graphics.drawable.Drawable,int) -> b
    int getLayoutDirection(android.graphics.drawable.Drawable) -> d
    android.graphics.drawable.Drawable wrap(android.graphics.drawable.Drawable) -> c
android.support.v4.graphics.drawable.DrawableCompatApi23 -> android.support.v4.c.a.j:
    void setLayoutDirection(android.graphics.drawable.Drawable,int) -> a
    int getLayoutDirection(android.graphics.drawable.Drawable) -> a
android.support.v4.graphics.drawable.DrawableCompatBase -> android.support.v4.c.a.k:
    void setTint(android.graphics.drawable.Drawable,int) -> a
    void setTintList(android.graphics.drawable.Drawable,android.content.res.ColorStateList) -> a
    void setTintMode(android.graphics.drawable.Drawable,android.graphics.PorterDuff$Mode) -> a
    android.graphics.drawable.Drawable wrapForTinting(android.graphics.drawable.Drawable) -> a
    void inflate(android.graphics.drawable.Drawable,android.content.res.Resources,org.xmlpull.v1.XmlPullParser,android.util.AttributeSet,android.content.res.Resources$Theme) -> a
android.support.v4.graphics.drawable.DrawableCompatEclair -> android.support.v4.c.a.l:
    android.graphics.drawable.Drawable wrapForTinting(android.graphics.drawable.Drawable) -> a
android.support.v4.graphics.drawable.DrawableCompatHoneycomb -> android.support.v4.c.a.m:
    void jumpToCurrentState(android.graphics.drawable.Drawable) -> a
    android.graphics.drawable.Drawable wrapForTinting(android.graphics.drawable.Drawable) -> b
android.support.v4.graphics.drawable.DrawableCompatJellybeanMr1 -> android.support.v4.c.a.n:
    java.lang.reflect.Method sSetLayoutDirectionMethod -> a
    boolean sSetLayoutDirectionMethodFetched -> b
    java.lang.reflect.Method sGetLayoutDirectionMethod -> c
    boolean sGetLayoutDirectionMethodFetched -> d
    void setLayoutDirection(android.graphics.drawable.Drawable,int) -> a
    int getLayoutDirection(android.graphics.drawable.Drawable) -> a
android.support.v4.graphics.drawable.DrawableCompatKitKat -> android.support.v4.c.a.o:
    void setAutoMirrored(android.graphics.drawable.Drawable,boolean) -> a
    boolean isAutoMirrored(android.graphics.drawable.Drawable) -> a
    android.graphics.drawable.Drawable wrapForTinting(android.graphics.drawable.Drawable) -> b
    int getAlpha(android.graphics.drawable.Drawable) -> c
android.support.v4.graphics.drawable.DrawableCompatLollipop -> android.support.v4.c.a.p:
    void setHotspot(android.graphics.drawable.Drawable,float,float) -> a
    void setHotspotBounds(android.graphics.drawable.Drawable,int,int,int,int) -> a
    void setTint(android.graphics.drawable.Drawable,int) -> a
    void setTintList(android.graphics.drawable.Drawable,android.content.res.ColorStateList) -> a
    void setTintMode(android.graphics.drawable.Drawable,android.graphics.PorterDuff$Mode) -> a
    android.graphics.drawable.Drawable wrapForTinting(android.graphics.drawable.Drawable) -> a
    void applyTheme(android.graphics.drawable.Drawable,android.content.res.Resources$Theme) -> a
    boolean canApplyTheme(android.graphics.drawable.Drawable) -> b
    android.graphics.ColorFilter getColorFilter(android.graphics.drawable.Drawable) -> c
    void inflate(android.graphics.drawable.Drawable,android.content.res.Resources,org.xmlpull.v1.XmlPullParser,android.util.AttributeSet,android.content.res.Resources$Theme) -> a
android.support.v4.graphics.drawable.DrawableWrapper -> android.support.v4.c.a.q:
    void setCompatTint(int) -> a
    void setCompatTintList(android.content.res.ColorStateList) -> a
    void setCompatTintMode(android.graphics.PorterDuff$Mode) -> a
    android.graphics.drawable.Drawable getWrappedDrawable() -> a