Groupic/proguard_logs/usage.txt
com.timitoc.groupic.BuildConfig
com.timitoc.groupic.R
com.timitoc.groupic.R$anim
com.timitoc.groupic.R$array
com.timitoc.groupic.R$attr
com.timitoc.groupic.R$bool
com.timitoc.groupic.R$color
com.timitoc.groupic.R$dimen
com.timitoc.groupic.R$drawable
com.timitoc.groupic.R$id
com.timitoc.groupic.R$integer
com.timitoc.groupic.R$layout
com.timitoc.groupic.R$menu
com.timitoc.groupic.R$string
com.timitoc.groupic.R$style
com.timitoc.groupic.R$styleable
com.timitoc.groupic.fragments.SearchGroupsFragment:
    public static final int PAGE_SIZE
    com.timitoc.groupic.models.GroupItem selectedItem
com.timitoc.groupic.models.FolderItem:
    43:44:public void setTitle(java.lang.String)
    51:52:public void setId(int)
    63:64:public void setColor(int)
com.timitoc.groupic.models.GroupItem:
    43:44:public void setTitle(java.lang.String)
    55:56:public void setId(int)
com.timitoc.groupic.models.ImageItem:
    24:35:public ImageItem(org.json.JSONObject)
    42:43:public void setTitle(java.lang.String)
    50:51:public void setId(int)
com.timitoc.groupic.models.NavDrawerItem:
    30:31:public void setTitle(java.lang.String)
com.timitoc.groupic.models.RegisterFragmentModel:
    19:19:public boolean isEmpty()
com.timitoc.groupic.utils.Base64:
    public static final int NO_OPTIONS
    public static final int ENCODE
    public static final int DECODE
    public static final int GZIP
    public static final int DONT_GUNZIP
    public static final int DO_BREAK_LINES
    public static final int URL_SAFE
    public static final int ORDERED
    private static final int MAX_LINE_LENGTH
    private static final byte EQUALS_SIGN
    private static final byte NEW_LINE
    private static final java.lang.String PREFERRED_ENCODING
    private static final byte WHITE_SPACE_ENC
    private static final byte EQUALS_SIGN_ENC
    558:567:public static void encode(java.nio.ByteBuffer,java.nio.ByteBuffer)
    582:593:public static void encode(java.nio.ByteBuffer,java.nio.CharBuffer)
    618:618:public static java.lang.String encodeObject(java.io.Serializable)
    655:698:public static java.lang.String encodeObject(java.io.Serializable,int)
    760:760:public static java.lang.String encodeBytes(byte[],int)
    786:793:public static java.lang.String encodeBytes(byte[],int,int)
    858:864:public static byte[] encodeBytesToBytes(byte[])
    1120:1126:public static byte[] decode(byte[])
    1152:1208:public static byte[] decode(byte[],int,int,int)
    1224:1224:public static byte[] decode(java.lang.String)
    1242:1297:public static byte[] decode(java.lang.String,int)
    1316:1316:public static java.lang.Object decodeToObject(java.lang.String)
com.timitoc.groupic.utils.Base64$1
com.timitoc.groupic.utils.Base64$InputStream
com.timitoc.groupic.utils.Base64$OutputStream:
    1874:1875:public Base64$OutputStream(java.io.OutputStream)
    2044:2046:public void suspendEncoding()
    2057:2058:public void resumeEncoding()
com.timitoc.groupic.utils.ConnectionStateManager:
    9:11:public ConnectionStateManager()
com.timitoc.groupic.utils.Credentials
com.timitoc.groupic.utils.CustomRequest:
    25:28:public CustomRequest(java.lang.String,java.util.Map,com.android.volley.Response$Listener,com.android.volley.Response$ErrorListener)
com.timitoc.groupic.utils.Encryptor:
    28:33:public static byte[] hashBytes(byte[])
    40:40:public static java.lang.String saltedHash(java.lang.String)
    44:57:private static java.lang.String saltedHash(java.lang.String,byte[])
    62:69:public static boolean checkSaltedHash(java.lang.String,java.lang.String)
com.timitoc.groupic.utils.Global:
    public static final java.lang.String MY_PRIVATE_KEY
    public static final java.lang.String MY_PUBLIC_KEY
    public static final int PICK_IMAGE_REQUEST
    public static final int TAKE_PHOTO_REQUEST
    16:16:public Global()
    97:99:public static android.graphics.Bitmap getScaledBitmap(int,int,android.graphics.Bitmap)
...
android.support.v4.media.session.MediaSessionCompat$SessionFlags
android.support.v4.media.session.MediaSessionCompat$Token
android.support.v4.media.session.MediaSessionCompat$Token$1
android.support.v4.media.session.MediaSessionCompatApi14
android.support.v4.media.session.MediaSessionCompatApi18
android.support.v4.media.session.MediaSessionCompatApi18$Callback
android.support.v4.media.session.MediaSessionCompatApi18$OnPlaybackPositionUpdateListener
android.support.v4.media.session.MediaSessionCompatApi19
android.support.v4.media.session.MediaSessionCompatApi19$Callback
android.support.v4.media.session.MediaSessionCompatApi19$OnMetadataUpdateListener
android.support.v4.media.session.MediaSessionCompatApi21
android.support.v4.media.session.MediaSessionCompatApi21$Callback
android.support.v4.media.session.MediaSessionCompatApi21$CallbackProxy
android.support.v4.media.session.MediaSessionCompatApi21$QueueItem
android.support.v4.media.session.MediaSessionCompatApi22
android.support.v4.media.session.MediaSessionCompatApi23
android.support.v4.media.session.MediaSessionCompatApi23$Callback
android.support.v4.media.session.MediaSessionCompatApi23$CallbackProxy
android.support.v4.media.session.MediaSessionCompatApi8
android.support.v4.media.session.ParcelableVolumeInfo
android.support.v4.media.session.ParcelableVolumeInfo$1
android.support.v4.media.session.PlaybackStateCompat
android.support.v4.media.session.PlaybackStateCompat$1
android.support.v4.media.session.PlaybackStateCompat$Actions
android.support.v4.media.session.PlaybackStateCompat$Builder
android.support.v4.media.session.PlaybackStateCompat$CustomAction
android.support.v4.media.session.PlaybackStateCompat$CustomAction$1
android.support.v4.media.session.PlaybackStateCompat$CustomAction$Builder
android.support.v4.media.session.PlaybackStateCompat$State
android.support.v4.media.session.PlaybackStateCompatApi21
android.support.v4.media.session.PlaybackStateCompatApi21$CustomAction
android.support.v4.media.session.PlaybackStateCompatApi22
android.support.v4.net.ConnectivityManagerCompat
android.support.v4.net.ConnectivityManagerCompat$BaseConnectivityManagerCompatImpl
android.support.v4.net.ConnectivityManagerCompat$ConnectivityManagerCompatImpl
android.support.v4.net.ConnectivityManagerCompat$GingerbreadConnectivityManagerCompatImpl
android.support.v4.net.ConnectivityManagerCompat$HoneycombMR2ConnectivityManagerCompatImpl
android.support.v4.net.ConnectivityManagerCompat$JellyBeanConnectivityManagerCompatImpl
android.support.v4.net.ConnectivityManagerCompatGingerbread
android.support.v4.net.ConnectivityManagerCompatHoneycombMR2
android.support.v4.net.ConnectivityManagerCompatJellyBean
android.support.v4.net.TrafficStatsCompat
android.support.v4.net.TrafficStatsCompat$1
android.support.v4.net.TrafficStatsCompat$BaseTrafficStatsCompatImpl
android.support.v4.net.TrafficStatsCompat$BaseTrafficStatsCompatImpl$1
android.support.v4.net.TrafficStatsCompat$BaseTrafficStatsCompatImpl$SocketTags
android.support.v4.net.TrafficStatsCompat$IcsTrafficStatsCompatImpl
android.support.v4.net.TrafficStatsCompat$TrafficStatsCompatImpl
android.support.v4.net.TrafficStatsCompatIcs
android.support.v4.os.AsyncTaskCompat:
    54:54:private AsyncTaskCompat()
android.support.v4.os.AsyncTaskCompatHoneycomb:
    24:24:AsyncTaskCompatHoneycomb()
android.support.v4.os.CancellationSignal
android.support.v4.os.CancellationSignal$OnCancelListener
android.support.v4.os.CancellationSignalCompatJellybean
android.support.v4.os.EnvironmentCompat
android.support.v4.os.EnvironmentCompatKitKat
android.support.v4.os.IResultReceiver
android.support.v4.os.IResultReceiver$Stub
android.support.v4.os.IResultReceiver$Stub$Proxy
android.support.v4.os.OperationCanceledException
android.support.v4.os.ParcelableCompat
android.support.v4.os.ParcelableCompat$CompatCreator
android.support.v4.os.ParcelableCompatCreatorCallbacks
android.support.v4.os.ParcelableCompatCreatorHoneycombMR2